[    0.000000] Linux version 4.15.0-55-generic (buildd@lcy01-amd64-029) (gcc version 7.4.0 (Ubuntu 7.4.0-1ubuntu1~18.04.1)) #0-Ubunu MP Tue Jul 2 18:22:20 UTC 2019 (Ubuntu 4.15.0-55.60-generic 4.15.18)
[    0.000000] Command line: BOOT_IMAGE=/boot/vmlinuz-4.15.0-55-generc root=LABEL=cloudimg-rootfs ro console=tty1 console=tty
[   0.00000]KERNE supported cpus:
[    0.000000]  Inte Genuinentel
[    0.00000]   MD AuthenticAMD
[    0.000000]   Centaur CentaurHauls
[    0.000000] x86/fpu: Supporting XSAVE feature 0x001: 'x87 floating point registers'
[    0.000000] x86/fpu: Supporting XSAVE feature 0x002: 'SSE registers'
[    0.000000] x86/fpu: Supporing XAVfeatur0x004: 'AVX registers'[   0.00000] x86/fpu: stateoffset[2]:  576, xstate_sizes[2]:  256
[    0.000000] x86/fp: Enabld xstate features 0x7, context size is 832 bytes, using 'standard' format.
[    0.000000] e820: BIOS-provided physical RAM map
    0.000000] BIOS-e820: [mem 0x00000000000000-0x000000000009fbff] usable
[    0.000000] BIOS-e0: [mem 0x000000000009fc00-0x000000000009ffff] reserved
[    0.000000] BIOS-e820: [mem 0x00000000000f0000-0x00000000000fffff] reserved
[    0.000000] BIOS-e820: [mem 0x0000000000100000-0x000000003ffeffff] usable
[    0.000000] BIOS-e820: [mem 0x000000003fff0000-0x000000003fffffff] ACPI data
[    0.000000] BIOS-e820: [mem 0x00000000fec00000-0x00000000fec00fff] reserved
[    0.000000] BIOS-e820: [mem 0x00000000fee00000-0x00000000fee00fff] reserved
[    0.000000] BIOS-e820: [mem 0x00000000fffc0000-0x00000000ffffffff] reserved
[    0.000000] NX (Execute Disable) protection: active
[    0.000000] SMBIOS 2.5 present.
[    0.000000] DMI: innotek GmbH VirtualBox/VirtualBox, BIOS VirtualBox 12/01/2006
[    0.000000] Hypervisor detected: KVM
[    0.000000] e820: last_pfn = 0x3fff0 max_arch_pfn = 0x400000000
[    0.000000] MTRR: Disabled
[    0.000000] x86/PAT: MTRRs disabled, skipping PAT initialization too
[    0.000000] CPU MTRRs all blank - virtualized system.
[    0.000000] x86/PAT: Configuration [0-7]: WB WT  UC- UC  WB  WT  UC- UC  
[    0.000000] fund MP MP-table at mem 0x0009fff0-0x0009ffff] mapped at [        (ptrval)]
[    0.000000] Scanning 1 areas for low memory corruptio
[    0.000000] RAMDISK: [mem 0x35981000-0x36cb7fff]
[    0.000000] ACPI: Early table checksum verification dsaled
[    0.000000] ACPI: RSDP 0x00000000000E0000 000024 (v02 VBOX  )
[    0.000000] ACPI: XSDT 0x000000003FFF0030 00003C (v01 VBOX   VBOXXSDT 00000001 ASL  00000061)
[    0.000000] ACPI: FACP 0x000000003FFF00F0 0000F4 (v04 VBOX   VBOXFACP 0000001 SL  00000061)
[    0.000000] ACPI: DSDT 0x000000003FF470 002FF (v02 VBOX   VBOXBIOS 00000002 INTL 2010028)
[    0.000000] ACPI: FCS 0000000003FFF0200 0004
[    0.000000] ACPI:FAS 0x000000003FFF0200 000040
[    0.000000] ACPI: APIC 0x00000003FFF0240 00005C (v02 VBOX   VBOXAPIC 000001 ASL  00000061)
[    0.000000] ACPI: SSDT 0x000000003FFF02A0 0001CC (v01 VBOX   VBOXCPUT 00000002 INTL 20100528)
[    0.000000] No NUMA configuration found
[    0.000000] Faking a node at [mem 0x0000000000000000-0x000000003ffeffff]
[    0.000000] NODE_DATA(0) allocated [mem 0x3ffc5000-0x3ffeffff]
[    0.000000] kvm-clock: cpu 0, msr 0:3ff44001, primary cpu clock
[    0.000000] kvm-clock: Using msrs 4b564d0 ad 4b564d00
[   0000000] kvm-clock: using sched offset of 4733675191 cycles
[    0.000000] clocksource: kvm-clock: mask: 0xffffffffffffffff max_cycles: 0x1cd42e4dffb, max_idle_ns: 881590591483 ns
[    0.000000] Zone rngs:
[    0.000000]   DMA      [mem 0x0000000000001000-0x00000000fffff]
[   .000000]   DMA32    [memx0000000001000000-0x000000003fefff]
[   0.000000]   Normal   empty
[    0.000000]   Device   empty
[    0.000000] Movable zone start for each node
[    0.000000] Earlymemory node rngs
[  0.000000]   node   0: [mem 0x0000000000001000-0x000000000009efff]
[    0.000000]   node   0: [mem 0x0000000000100000-0x000000003ffeffff]
[    0.000000] Reserved but unavailable: 114 pages
[    0.000000] Initmem setup node 0 [mem 0x0000000000001000-0x000000003ffeffff]
[    0.000000] ACPI: PM-Timer IO Port: 0x4008
[    0.000000] IOAPIC[0]: apic_id 2, version 32, address 0xfec00000, GSI 0-23
[    0.000000] ACPI: INT_SRC_OVR (bus 0 bus_irq 0 global_irq 2 dfl dfl)
[    0.000000] ACPI: INT_SRC_OVR (bus 0 bus_irq 9 global_irq 9 low level)
[    0.00000] Using ACPI (MADT) for SMP configuration information
[    0.000000] smpboot: Allowing 2 CPUs, 0 hotplug CPUs
[    0.000000] PM: Registered nosave memory: [mem 0x00000000-0x00000fff]
[    0.000000] PM: Registered nosave memory: [mem 0x0009f000-0x0009ffff]
[    0.000000] PM: Registered nsave memory: [mem 0x000a0000-0x000effff]
[    0.000000] PM: Registered nosave memory: [mem 0x000f0000-0x000fffff]
[    0.000000] e820: [mem 0x40000000-0xfebffff] avlable for PCI devices
[    0.000000] Booting paravirtualized kernel on KVM
[    0.000000] clocksource: refined-jiffies: mask:xffffffff max_cycles: 0xffffffff, max_ile_ns: 7645519600211568 ns
[    0.000000] random: get_random_bytes called from start_kernl+0x99/x4fd with crng_init=0
[   0.000000] setup_percpu: NR_CPUS:8192 nr_cpumask_bits:2 nr_cpu_ids:2 nrnodeids:1
[   0.00000] percpu: Embeded 46 pages/pu @       (ptrval) s151552 r8192 d28672 u1048576
    .000000] PV qspinlock hash table entries: 256 (order: 0, 4096 byte)
[   0.00000] Built 1 zonelists, obiliy roping o. Toal pages: 257913
[    0.0000]Policy zone: DMA32
[    0.0000 Kerne cmmnd line: BOOT_IMAGE=/boot/vmlinuz-4.15.0-55-generic root=LABEL=cloudimg-rootfs ro console=tty1 console=ttyS0
[    0.000000] Memory: 982908K/10481120K available (12300K kernel code, 2473K rwdata, 4276K rodata, 2408K init, 2416K bss, 65212K reserved, 0K cma-reserved)
[    0.000000] SLUB: HWalign=64, Order=0-3, MinObjects=0, CPUs=2, Nodes=1
[    0.000000] Kernel/User page tables isolation: enabled
[    0.000000] ftrace: allocating 39219 entries in 154 pages
[    0.004000] Hierarchical RCU implementation.
[    0.004000] 	RCU restricting CPUs from NR_CPUS=8192 to nr_cpu_ids=2.
[    0.004000] 	Tasks RCU enabled.
[    0.004000] RCU: Adjusting geometry for rcu_fanout_leaf=16, nr_cpu_ids=2
[    0.004000] NR_IRQS: 524544, nr_irqs: 440, preallocated irqs: 16
[    0.004000] Console: colour VGA+ 80x25
[    0.004000] console [tty1] enabled
[    0.004000] console [ttyS0] enabled
[   0.004000] ACPI: Core rision 20170831
[   0.004000] ACP 2 ACP AL tables succesfully acquired andloaded[    0.004000] APIC: Switch to symmetric I/O mode setup
[    0.004326] x2apic enabled
[    0.008010] Switched APIC routing to physical x2apic.
[    0.013740] ..TIMER: vector=0x30 apic1=0 pin1=2 apic2=-1 pin2=-1
[    0.016008] tsc: Detected 1200.000 MHz processor
[    0.020015] Calibrating delay loop (skipped) preset value.. 2400.00 BogoMIPS (lpj=4800000)
[    0.024008] pid_max: default: 32768 minimum: 301
[    0.028050] Security Framework initialized
[    0.032009] Yama: becoming mindful.
[    0.036049] AppArmor: AppArmor initialized
[    0.041945] Dentry cache hash table entries: 131072 (order: 8, 1048576 bytes)
[    0.044110] Inode-cache hash table entries: 65536 (order: 7, 524288 bytes)
[    0.047547] Mount-cache hash table entries: 2048 (order: 2, 16384 bytes)
[    0.048019] Mountpoint-cache hash table entries: 2048 (order: 2, 16384 bytes)
[    0.052863] mce: CPU supports 0 MCE banks
[    0.056026] Last level iTLB entries: 4KB 64, 2MB 8, 4MB 8
[    0.060007] Last level dTLB entries: 4KB 64, 2MB 0, 4MB 0, 1GB 4
[    0.064008] Spectre V2 : Mitigation: Full generic retpoline
[    0.068109] Spectre V2 : Spectre v2 / SpectreRSB mitigation: Filling RSB on context switch
[    0.072007] Speculative Store Bypass: Vulnerable
[    0.076070] MDS: Vulnerable: Clear CPU buffers attempted, no microcode
[    0.080094] Freeing SMP alternatives memory: 36K
[    0.088000] smpboot: CPU0: Intel(R) Core(TM) m3-7Y32 CPU @ 1.10GHz (family: 0x6, model: 0x8e, stepping: 0x9)
[    0.088089] Performance Events: unsupported p6 CPU model 142 no PMU driver, software events only.
[    0.092228] Hierarchical SRCU implementation.
[    0.096631] NMI watchdog: Perf event create on CPU 0 failed with -2
[    0.100006] NMI watchdog: Perf NMI watchdog permanently disabled
[    0.104078] smp: Bringing up secondary CPUs ...
[    0.105649] x86: Booting SMP configuration:
[    0.107036] .... node  #0, CPUs:      #1
[    0.004000] kvm-clock: cpu 1, msr 0:3ff44041, secondary cpu clock
[    0.004000] mce: CPU supports 0 MCE banks
[    0.115034] smp: Brought up 1 node, 2 CPUs
[    0.116014] smpboot: Max logical packages: 1
[    0.120009] smpboot: Total of 2 processors activated (4800.00 BogoMIPS)
[    0.124145] devtmpfs: initialized
[    0.128158] x86/mm: Memory block size: 128MB
[    0.132163] evm: security.selinux
[    0.133281] evm: security.SMACK64
[    0.136005] evm: security.SMACK64EXEC
[    0.140008] evm: security.SMACK64TRANSMUTE
[    0.144005] evm: security.SMACK64MMAP
[    0.148006] evm: security.apparmor
[    0.149191] evm: security.ima
[    0.150526] evm: security.capability
[    0.152144] clocksource: jiffies: mask: 0xffffffff max_cycles: 0xffffffff, max_idle_ns: 7645041785100000 ns
[    0.156020] futex hash table entries: 512 (order: 3, 32768 bytes)
[    0.160090] pinctrl core: initialized pinctrl subsystem
[    0.164105] RTC time:  3:52:05, date: 08/14/19
[    0.168207] NET: Registered protocol family 16
[    0.172100] audit: initializing netlink subsys (disabled)
[    0.176059] audit: type=2000 audit(1565754727.444:1): state=initialized audit_enabled=0 res=1
[    0.240072] cpuidle: using governor ladder
[    0.244126] cpuidle: using governor menu
[    0.248068] ACPI: bus type PCI registered
[    0.252009] acpiphp: ACPI Hot Plug PCI Controller Driver version: 0.5
[    0.256404] PCI: Using configuration type 1 for base access
[    0.268025] HugeTLB registered 2.00 MiB page size, pre-allocated 0 pages
[    0.280132] ACPI: Added _OSI(Module Device)
[    0.282008] ACPI: Added _OSI(Processor Device)
[    0.284417] ACPI: Added _OSI(3.0 _SCP Extensions)
[    0.288013] ACPI: Added _OSI(Processor Aggregator Device)
[    0.292013] ACPI: Added _OSI(Linux-Dell-Video)
[    0.296010] ACPI: Added _OSI(Linux-Lenovo-NV-HDMI-Audio)
[    0.300012] ACPI: Added _OSI(Linux-HPI-Hybrid-Graphics)
[    0.308012] ACPI: Executed 1 blocks of module-level executable AML code
[    0.316618] ACPI: Interpreter enabled
[    0.320031] ACPI: (supports S0 S5)
[    0.324008] ACPI: Using IOAPIC for interrupt routing
[    0.328472] PCI: Using host bridge windows from ACPI; if necessary, use "pci=nocrs" and report a bug
[    0.336188] ACPI: Enabled 2 GPEs in block 00 to 07
[    0.345488] ACPI: PCI Root Bridge [PCI0] (domain 0000 [bus 00-ff])
[    0.348028] acpi PNP0A03:00: _OSC: OS supports [ASPM ClockPM Segments MSI]
[    0.352048] acpi PNP0A03:00: _OSC: not requesting OS control; OS requires [ExtendedConfig ASPM ClockPM MSI]
[    0.356111] acpi PNP0A03:00: fail to add MMCONFIG information, can't access extended PCI configuration space under this bridge.
[    0.364509] PCI host bridge to bus 0000:00
[    0.368010] pci_bus 0000:00: root bus resource [io  0x0000-0x0cf7 window]
[    0.372005] pci_bus 0000:00: root bus resource [io  0x0d00-0xffff window]
[    0.376005] pci_bus 0000:00: root bus resource [mem 0x000a0000-0x000bffff window]
[    0.380004] pci_bus 0000:00: root bus resource [mem 0x40000000-0xfdffffff window]
[    0.384006] pci_bus 0000:00: root bus resource [bus 00-ff]
[    0.391002] pci 0000:00:01.1: legacy IDE quirk: reg 0x10: [io  0x01f0-0x01f7]
[    0.392004] pci 0000:00:01.1: legacy IDE quirk: reg 0x14: [io  0x03f6]
[    0.396008] pci 0000:00:01.1: legacy IDE quirk: reg 0x18: [io  0x0170-0x0177]
[    0.400005] pci 0000:00:01.1: legacy IDE quirk: reg 0x1c: [io  0x0376]
[    0.425326] pci 0000:00:07.0: quirk: [io  0x4000-0x403f] claimed by PIIX4 ACPI
[    0.428040] pci 0000:00:07.0: quirk: [io  0x4100-0x410f] claimed by PIIX4 SMB
[    0.446644] ACPI: PCI Interrupt Link [LNKA] (IRQs 5 9 10 *11)
[    0.448356] ACPI: PCI Interrupt Link [LNKB] (IRQs 5 9 *10 11)
[    0.452169] ACPI: PCI Interrupt Link [LNKC] (IRQs 5 *9 10 11)
[    0.456169] ACPI: PCI Interrupt Link [LNKD] (IRQs 5 9 10 *11)
[    0.460485] SCSI subsystem initialized
[    0.468043] pci 0000:00:02.0: vgaarb: setting as boot VGA device
[    0.472000] pci 0000:00:02.0: vgaarb: VGA device added: decodes=io+mem,owns=io+mem,locks=none
[    0.472014] pci 0000:00:02.0: vgaarb: bridge control possible
[    0.476008] vgaarb: loaded
[    0.480062] ACPI: bus type USB registered
[    0.484036] usbcore: registered new interface driver usbfs
[    0.488034] usbcore: registered new interface driver hub
[    0.492064] usbcore: registered new device driver usb
[    0.496103] EDAC MC: Ver: 3.0.0
[    0.500388] PCI: Using ACPI for IRQ routing
[    0.508221] NetLabel: Initializing
[    0.512003] NetLabel:  domain hash size = 128
[    0.513486] NetLabel:  protocols = UNLABELED CIPSOv4 CALIPSO
[    0.515401] NetLabel:  unlabeled traffic allowed by default
[    0.520152] clocksource: Switched to clocksource kvm-clock
[   0.590744] VFS: Disk quotas dquot_6.6.0
[    0.620038] VFS: Dquot-cae shabe enris: 512 (order 0, 4096 bytes)
[    08709] ApArmor: AppArmor Filesystem Enabled
[    1.008082] pnp: PnP ACPI init
[    1010745] pp: PnP ACPI: found 3 devices
[    1.125902] clocksource: ai_m:mak: 0xffffmax_cycles: 0xffffff, max_idle_ns: 2085701024 ns
[    1.327648] NET: Registered protocol family 2

[    1.331943] TCP established hash table entries: 8192 (order: 4, 65536 bytes)
[    1.334972] TCP bind hh abe ntries: 812 orde: , 131072 bte)[   .6274]TCP: Hash tables configured stablish 8192 bind 8192)
[    1.958916] UDP hash tle entries: 512 (order: 2, 16384 bytes)

[    2.025777] UDP-Lite hash table entries: 512 (order: , 16384 bytes)
[    2.070064] NET: Regisered protocol family 1
[    2.103863] pci 0000:00:00.0: Limiting direct PCI/PCI transfers
[    2.10639] ci000:00:1.: ctivating ISA DMA hang workarouns
[    2.298534] pci 0000:00:02.0:Vieodeic wthshdoedRO a [em0x00000-x00dfff]
   2.7782] Unpacking initramfs...

[    3.257833] Freeing initrd memory: 19676K
[    3.268322] clocksource: tsc: mask: 0xffffffffffffffff max_cycles: 0x114c1bbbeec, max_idle_ns: 440795229572 ns
[    3.300909] platform rtc_cmos: registered platform RTC device (no PNP device found)
[    3.388467] Scanning for low memory corruption every 60 seconds
[    3.393497] Initialise system trusted keyrings
[    3.411928] Key type blacklist registered
[    3.437015] workingset: timestamp_bits=36 max_order=18 bucket_order=0
[    3.462477] zbud: loaded
[    3.470496] squashfs: version 4.0 (2009/01/31) Phillip Lougher
[    3.505885] fuse init (API version 7.26)
[    3.544128] Key type asymmetric registered
[    3.546184] Asymmetric key parser 'x509' registered
[    3.552225] Block layer SCSI generic (bsg) driver version 0.4 loaded (major 246)
[    3.604337] io scheduler noop registered
[    3.668673] io scheduler deadline registered
[    3.688415] io scheduler cfq registered (default)
[    3.715028] ACPI: AC Adapter [AC] (on-line)
[    3.771199] input: Power Button as /devices/LNXSYSTM:00/LNXPWRBN:00/input/input0
[    3.775262] ACPI: Power Button [PWRF]
[    3.789429] input: Sleep Button as /devices/LNXSYSTM:00/LNXSLPBN:00/input/input1
[    3.808223] ACPI: Sleep Button [SLPF]
[    3.832551] Serial: 8250/16550 driver, 32 ports, IRQ sharing enabled
[    3.834485] ACPI: Battery Slot [BAT0] (battery present)
[    3.859392] 00:02: ttyS0 at I/O 0x3f8 (irq = 4, base_baud = 115200) is a 16550A
[    3.863212] Linux agpgart interface v0.103
[    3.878077] loop: module loaded
[    3.893648] scsi host0: ata_piix
[    3.911629] scsi host1: ata_pix
[    3.4392] ta1: PATA max UDMA/33 cmd 0xf0 ctl 0x3f6 bmdma 0xd00 irq 14
[    4.112773] ata2: PATA max UDMA/33 cmd 0x170 ctl 0x376 bmdma 0xd008 irq 15
[    4.115105] libphy: Fixed MDI Bs: probed
[    4.166606] tun: Universal TUN/TAP device driver, 1.6

[    4.168564] PPP generic driver version 2.4.2
[    4.202643] ehci_hcd: USB 2.0 'Enhanced' Host Controller (EHCI) Driver
[    4.237934] ehci-pci: EHCI PCI platform driver
[    4.239366] ehci-platform: EHCI generic platform driver
[    4.240975] ohci_hcd: USB 1.1 'Open' Host Controller (OHCI) Driver
[    4.242883] ohci-pci: OHCI PCI platform driver
[    4.244315] ohci-platform: OHCI generic platform driver
[    4.246207] uhci_hcd: USB Universal Host Controller Interface driver
[    4.248285] i8042: PNP: PS/2 Controller [PNP0303:PS2K,PNP0f03:PS2M] at 0x60,0x64 irq 1,12
[    4.251858] serio: i8042 KBD port at 0x60,0x64 irq 1
[    4.263008] serio: i8042 AUX port at 0x60,0x64 irq 12
[    4.290213] mousedev: PS/2 mouse device common for all mice
[    4.296819] rtc_cmos rtc_cmos: rtc core: registered rtc_cmos as rtc0
[    4.303395] input: AT Translated Set 2 keyboard as /devices/platform/i8042/serio0/input/input2
[    4.304102] rtc_cmos rtc_cmos: alarms up to one day, 114 bytes nvram
[    4.304204] i2c /dev entries driver
[    4.304396] device-mapper: uevent: version 1.0.3
[    4.304501] device-mapper: ioctl: 4.37.0-ioctl (2017-09-20) initialised: dm-devel@redhat.com
[    4.336769] ledtrig-cpu: registered to indicate activity on CPUs
[    4.341510] NET: Registered protocol family 10
[    4.349942] Segment Routing with IPv6
[    4.351438] NET: Registered protocol family 17
[    4.353139] Key type dns_resolver registered
[    4.355443] RAS: Correctable Errors collector initialized.
[    4.360145] sched_clock: Marking stable (4360064557, 0)->(9545320828, -5185256271)
[    4.368352] registered taskstats version 1
[    4.369576] Loading compiled-in X.509 certificates
[    4.374577] Loaded X.509 cert 'Build time autogenerated kernel key: 2ed9c0a78927f1fed24db33f01fd983502d97350'
[    4.378386] zswap: loaded using pool lzo/zbud
[    4.407029] Key type big_key registered
[    4.421174] Key type trusted registered
[    4.462183] Key type encrypted registered
[    4.465384] AppArmor: AppArmor sha1 policy hashing enabled
[    4.469567] ima: No TPM chip found, activating TPM-bypass! (rc=-19)
[    4.497732] ima: Allocated hash algorithm: sha1
[    4.499396] evm: HMAC attrs: 0x1
[    4.514110]   Magic number: 15:717:866
[    4.518220] rtc_cmos rtc_cmos: setting system clock to 2019-08-14 03:52:10 UTC (1565754730)
[    4.543670] BIOS EDD facility v0.16 2004-Jun-25, 0 devices found
[    4.558149] EDD information not available.
[    4.564189] Freeing unused kernel image memory: 2408K
[    4.592750] Write protecting the kernel read-only data: 20480k
[    4.603452] Freeing unused kernel image memory: 2008K
[    4.620312] Freeing unused kernel image memory: 1868K
[    4.634861] x86/mm: Checked W+X mappings: passed, no W+X pages found.
[    4.664672] x86/mm: Checking user space page tables
[    4.675439] x86/mm: Checked W+X mappings: passed, no W+X pages found.
Loading, please wait...
starting version 237
[    4.811547] e1000: Intel(R) PRO/1000 Network Driver - version 7.3.21-k8-NAPI
[    4.822119] e1000: Copyright (c) 1999-2006 Intel Corporation.
[    4.827038] AVX2 version of gcm_enc/dec engaged.
[    4.833754] AES CTR mode by8 optimization enabled
[    4.844194] Fusion MPT base driver 3.04.20
[    4.845909] Copyright (c) 1999-2008 LSI Corporation
[    4.897565] Fusion MPT SPI Host driver 3.04.20
[    4.903740] vboxvideo: loading out-of-tree module taints kernel.
[    4.911954] vboxvideo: module verification failed: signature and/or required key missing - tainting kernel
[    5.023451] input: ImExPS/2 Generic Explorer Mouse as /devices/platform/i8042/serio1/input/input4
[    5.409568] e1000 0000:00:03.0 eth0: (PCI:33MHz:32-bit) 02:d3:40:fa:08:af
[    5.421788] e1000 0000:00:03.0 eth0: Intel(R) PRO/1000 Network Connection
[    5.436553] mptbase: ioc0: Initiating bringup
[    5.536782] ioc0: LSI53C1030 A0: Capabilities={Initiator}
[    5.797751] scsi host2: ioc0: LSI53C1030 A0, FwRev=00000000h, Ports=1, MaxQ=256, IRQ=20
[    5.970716] scsi 2:0:0:0: Direct-Access     VBOX     HARDDISK         1.0  PQ: 0 ANSI: 5
[    5.974344] [drm] VRAM 01000000
[    5.992971] [TTM] Zone  kernel: Available graphics memory: 504452 kiB
[    5.992972] [TTM] Initializing pool allocator
[    5.992976] [TTM] Initializing DMA pool allocator
[    6.062161] fbcon: vboxdrmfb (fb0) is primary device
[    6.068868] Console: switching to colour frame buffer device 100x37
[    6.097544] vboxvideo 0000:00:02.0: fb0: vboxdrmfb frame buffer device
[    6.120294] [drm] Initialized vboxvideo 1.0.0 20130823 for 0000:00:02.0 on minor 0
[    6.130448] scsi target2:0:0: Beginning Domain Validation
[    6.143397] scsi target2:0:0: Domain Validation skipping write tests
[    6.150794] scsi target2:0:0: Ending Domain Validation
[    6.153656] scsi target2:0:0: asynchronous
[    6.157267] scsi 2:0:1:0: Direct-Access     VBOX     HARDDISK         1.0  PQ: 0 ANSI: 5
[    6.200687] scsi target2:0:1: Beginning Domain Validation
[    6.208615] random: fast init done
[    6.221813] scsi target2:0:1: Domain Validation skipping write tests
[    6.227926] scsi target2:0:1: Ending Domain Validation
[    6.239489] scsi target2:0:1: asynchronous
[    6.259728] random: systemd-udevd: uninitialized urandom read (16 bytes read)
[    6.281653] sd 2:0:0:0: Attached scsi generic sg0 type 0
[    6.288017] sd 2:0:0:0: [sda] 20971520 512-byte logical blocks: (10.7 GB/10.0 GiB)
[    6.294231] sd 2:0:0:0: [sda] Write Protect is off
[    6.300393] sd 2:0:1:0: Attached scsi generic sg1 type 0
[    6.305642] random: systemd-udevd: uninitialized urandom read (16 bytes read)
[    6.310718] sd 2:0:0:0: [sda] Incomplete mode parameter data
[    6.314386] sd 2:0:0:0: [sda] Assuming drive cache: write through
[    6.318820] random: systemd-udevd: uninitialized urandom read (16 bytes read)
[    6.322274] sd 2:0:1:0: [sdb] 20480 512-byte logical blocks: (10.5 MB/10.0 MiB)
[    6.325919] sd 2:0:1:0: [sdb] Write Protect is off
[    6.328435] sd 2:0:1:0: [sdb] Incomplete mode parameter data
[    6.334128] sd 2:0:1:0: [sdb] Assuming drive cache: write through
[    6.338322]  sda: sda1
[    6.341361] sd 2:0:0:0: [sda] Attached SCSI disk
[    6.348402] sd 2:0:1:0: [sdb] Attached SCSI disk
[    6.724020] e1000 0000:00:08.0 eth1: (PCI:33MHz:32-bit) 08:00:27:3b:a8:d2
[    6.748220] e1000 0000:00:08.0 eth1: Intel(R) PRO/1000 Network Connection
[    6.759813] e1000 0000:00:03.0 enp0s3: renamed from eth0
[    6.784873] e1000 0000:00:08.0 enp0s8: renamed from eth1
Begin: Loading essential drivers ... [    6.996562] raid6: sse2x1   gen()  8061 MB/s
[    7.068346] raid6: sse2x1   xor()  5800 MB/s
[    7.124061] raid6: sse2x2   gen()  8167 MB/s
[    7.180215] raid6: sse2x2   xor()  7327 MB/s
[    7.268122] raid6: sse2x4   gen() 11824 MB/s
[    7.332061] raid6: sse2x4   xor()  7744 MB/s
[    7.416316] raid6: avx2x1   gen() 17873 MB/s
[    7.480339] raid6: avx2x1   xor() 12381 MB/s
[    7.540271] raid6: avx2x2   gen() 19784 MB/s
[    7.600025] raid6: avx2x2   xor() 13550 MB/s
[    7.656073] raid6: avx2x4   gen() 24590 MB/s
[    7.712188] raid6: avx2x4   xor() 10662 MB/s
[    7.714967] raid6: using algorithm avx2x4 gen() 24590 MB/s
[    7.718332] raid6: .... xor() 10662 MB/s, rmw enabled
[    7.722042] raid6: using avx2x2 recovery algorithm
[    7.729831] xor: automatically using best checksumming function   avx       
[    7.739385] async_tx: api initialized (async)
done.
Begin: Running /scripts/init-premount ... done.
Begin: Mounting root file system ... Begin: Running /scripts/local-top ... done.
Begin: Running /scripts/local-premount ... [    7.821569] Btrfs loaded, crc32c=crc32c-intel
Scanning for Btrfs filesystems
done.
Warning: fsck no[    7.889988] EXT4-fs (sda1): mounted filesystem with ordered data mode. Opts: (null)
t present, so skipping root file system
done.
Begin: Running /scripts/local-bottom ... done.
Begin: Running /scripts/init-bottom ... done.
[    8.383346] ip_tables: (C) 2000-2006 Netfilter Core Team
[    8.406148] systemd[1]: systemd 237 running in system mode. (+PAM +AUDIT +SELINUX +IMA +APPARMOR +SMACK +SYSVINIT +UTMP +LIBCRYPTSETUP +GCRYPT +GNUTLS +ACL +XZ +LZ4 +SECCOMP +BLKID +ELFUTILS +KMOD -IDN2 +IDN -PCRE2 default-hierarchy=hybrid)
[    8.435631] systemd[1]: Detected virtualization oracle.
[    8.443394] systemd[1]: Detected architecture x86-64.

Welcome to [1mUbuntu 18.04.2 LTS[0m!

[    8.477939] systemd[1]: Set hostname to <ubuntu-bionic>.
[    9.103704] systemd[1]: Started Forward Password Requests to Wall Directory Watch.
[[0;32m  OK  [0m] Started Forward Password Requests to Wall Directory Watch.
[    9.108910] systemd[1]: Set up automount Arbitrary Executable File Formats File System Automount Point.
[[0;32m  OK  [0m] Set up automount Arbitrary Executab…rmats File System Automount Point.
[    9.171606] systemd[1]: Created slice User and Session Slice.
[[0;32m  OK  [0m] Created slice User and Session Slice.
[    9.212593] systemd[1]: Reached target System Time Synchronized.
[[0;32m  OK  [0m] Reached target System Time Synchronized.
[    9.237017] systemd[1]: Reached target Swap.
[[0;32m  OK  [0m] Reached target Swap.
[    9.285027] systemd[1]: Created slice System Slice.
[[0;32m  OK  [0m] Created slice System Slice.
[[0;32m  OK  [0m] Listening on Journal Audit Socket.
[[0;32m  OK  [0m] Listening on Journal Socket.
         Starting Set the console keyboard layout...
         Mounting POSIX Message Queue File System...
         Starting Create list of required st…ce nodes for the current kernel...
[[0;32m  OK  [0m] Listening on LVM2 poll daemon socket.
[[0;32m  OK  [0m] Listening on udev Kernel Socket.
[[0;32m  OK  [0m] Listening on udev Control Socket.
         Starting udev Coldplug all Devices...
[[0;32m  OK  [0m] Reached target Slices.
[[0;32m  OK  [0m] Listening on /dev/initctl Compatibility Named Pipe.
[[0;32m  OK  [0m] Listening on Journal Socket (/dev/log).
         Starting Load Kernel Modules...
[    9.466859] Loading iSCSI transport class v2.0-870.
[[0;32m  OK  [0m] Listening on[    9.510187] iscsi: registered transport (tcp)
 Syslog Socket.
         Starting Journal Service...
[[0;32m  OK  [0m] Listening on LVM2 metadata daemon socket.
         Starting Uncomplicated [    9.565340] iscsi: registered transport (iser)
firewall...
[[0;32m  OK  [0m] Created slice system-serial\x2dgetty.slice.
[[0;32m  OK  [0m] Listening on Device-mapper event daemon FIFOs.
         Mounting Kernel Debug File System...
         Mounting Huge Pages File System...
         Starting Monitoring of LVM2 mirrors…ng dmeventd or progress po[    9.624532] random: crng init done
lling...
[    9.635702] random: 7 urandom warning(s) missed due to ratelimiting
[[0;32m  OK  [0m] Listening on Network Service Netlink Socket.
[[0;32m  OK  [0m] Reached target User and Group Name Lookups.
         Starting Remount Root and Kernel File Systems...
[    9.712697] EXT4-fs (sda1): re-mounted. Opts: (null)
[[0;32m  OK  [0m] Started Journal Service.
[[0;32m  OK  [0m] Started Set the console keyboard layout.
[[0;32m  OK  [0m] Mounted POSIX Message Queue File System.
[[0;32m  OK  [0m] Started Create list of required sta…vice nodes for the current kernel.
[[0;32m  OK  [0m] Started Load Kernel Modules.
[[0;32m  OK  [0m] Started Uncomplicated firewall.
[[0;32m  OK  [0m] Mounted Kernel Debug File System.
[[0;32m  OK  [0m] Mounted Huge Pages File System.
[[0;32m  OK  [0m] Started Remount Root and Kernel File Systems.
[[0;32m  OK  [0m] Started udev Coldplug all Devices.
[[0;32m  OK  [0m] Started LVM2 metadata daemon.
         Starting Load/Save Random Seed...
         Mounting FUSE Control File System...
         Mounting Kernel Configuration File System...
         Starting Apply Kernel Variables...
         Starting Create Static Device Nodes in /dev...
         Starting Flush Journal to Persistent Storage...
[[0;32m  OK  [0m] Started Monitoring of LVM2 mirrors,…sing dmeventd or progress polling.
[[0;32m  OK  [0m] Started Load/Save Random Seed.
[[0;32m  OK  [0m] Mounted FUSE Control File System.
[[0;32m  OK  [0m] Mounted Kernel Configuration File System.
[[0;32m  OK  [0m] Started Apply Kernel Variables.
[[0;32m  OK  [0m] Started Create Static Device Nodes in /dev.
         Starting udev Kernel Device Manager...
[[0;32m  OK  [0m] Reached target Local File Systems (Pre).
[[0;32m  OK  [0m] Reached target Local File Systems.
         Starting Set console font and keymap...
         Starting ebtables ruleset management...
         Starting Tell Plymouth To Write Out Runtime Data...
         Starting AppArmor initialization...
[[0;32m  OK  [0m] Started udev Kernel Device Manager.
[[0;32m  OK  [0m] Started Set console font and keymap.
[[0;32m  OK  [0m] Started Tell Plymouth To Write Out Runtime Data.
[[0;32m  OK  [0m] Started Dispatch Password Requests to Console Directory Watch.
[[0;32m  OK  [0m] Reached target Local Encrypted Volumes.
[[0;32m  OK  [0m] Found device /dev/ttyS0.
[[0;32m  OK  [0m] Started ebtables ruleset management.
[[0;32m  OK  [0m] Listening on Load/Save RF Kill Switch Status /dev/rfkill Watch.
[[0;32m  OK  [0m] Started Flush Journal to Persistent Storage.
         Starting Create Volatile Files and Directories...
[[0;32m  OK  [0m] Started Create Volatile Files and Directories.
         Starting Update UTMP about System Boot/Shutdown...
[[0;32m  OK  [0m] Started Update UTMP about System Boot/Shutdown.
[[0;32m  OK  [0m] Started AppArmor initialization.
         Starting Initial cloud-init job (pre-networking)...
[   13.970348] cloud-init[576]: Cloud-init v. 19.1-1-gbaa47854-0ubuntu1~18.04.1 running 'init-local' at Wed, 14 Aug 2019 03:52:19 +0000. Up 13.60 seconds.
[[0;32m  OK  [0m] Started Initial cloud-init job (pre-networking).
[[0;32m  OK  [0m] Reached target Network (Pre).
         Starting Network Service...
[[0;32m  OK  [0m] Started Network Service.
         Starting Wait for Network to be Configured...
         Starting Network Name Resolution...
[[0;32m  OK  [0m] Started Network Name Resolution.
[[0;32m  OK  [0m] Reached target Host and Network Name Lookups.
[[0;32m  OK  [0m] Reached target Network.
[[0;32m  OK  [0m] Started Wait for Network to be Configured.
         Starting Initial cloud-init job (metadata service crawler)...
[   16.976852] cloud-init[706]: Cloud-init v. 19.1-1-gbaa47854-0ubuntu1~18.04.1 running 'init' at Wed, 14 Aug 2019 03:52:22 +0000. Up 16.79 seconds.
[   17.008306] cloud-init[706]: ci-info: ++++++++++++++++++++++++++++++++++++++Net device info+++++++++++++++++++++++++++++++++++++++
[   17.040493] cloud-init[706]: ci-info: +--------+------+-----------------------------+---------------+--------+-------------------+
[   17.100678] cloud-init[706]: ci-info: | Device |  Up  |           Address           |      Mask     | Scope  |     Hw-Address    |
[   17.129311] cloud-init[706]: ci-info: +--------+------+-----------------------------+---------------+--------+-------------------+
[   17.162132] cloud-init[706]: ci-info: | enp0s3 | True |          10.0.2.15          | 255.255.255.0 | global | 02:d3:40:fa:08:af |
[   17.166167] cloud-init[706]: ci-info: | enp0s3 | True |  fe80::d3:40ff:fefa:8af/64  |       .       |  link  | 02:d3:40:fa:08:af |
[   17.174180] cloud-init[706]: ci-info: | enp0s8 | True |        192.168.33.10        | 255.255.255.0 | global | 08:00:27:3b:a8:d2 |
[   17.190239] cloud-init[706]: ci-info: | enp0s8 | True | fe80::a00:27ff:fe3b:a8d2/64 |       .       |  link  | 08:00:27:3b:a8:d2 |
[   17.202410] cloud-init[706]: ci-info: |   lo   | True |          127.0.0.1          |   255.0.0.0   |  host  |         .         |
[   17.228530] cloud-init[706]: ci-info: |   lo   | True |           ::1/128           |       .       |  host  |         .         |
[   17.252460] cloud-init[706]: ci-info: +--------+------+-----------------------------+---------------+--------+-------------------+
[   17.273182] cloud-init[706]: ci-info: +++++++++++++++++++++++++++++Route IPv4 info+++++++++++++++++++++++++++++
[   17.287338] cloud-init[706]: ci-info: +-------+--------------+----------+-----------------+-----------+-------+
[   17.292276] cloud-init[706]: ci-info: | Route | Destination  | Gateway  |     Genmask     | Interface | Flags |
[   17.296100] cloud-init[706]: ci-info: +-------+--------------+----------+-----------------+-----------+-------+
[[0;32m  OK  [0m] Started Initial cloud-init job (metadata service crawler).
[[0;32m  OK  [0m] Reached target Network is Online.
[   17.346689] cloud-init[706]: ci-info: |   0   |   0.0.0.0    | 10.0.2.2 |     0.0.0.0     |   enp0s3  |   UG  |
[[0;32m  OK  [0m] Reached target Remote File Systems (Pre).
[[0;32m  OK  [0m] Reached target Remote File Systems.
[   17.487908] cloud-init[706]: ci-info: |   1   |   10.0.2.0   | 0.0.0.0  |  255.255.255.0  |   enp0s3  |   U   |
         Starting Availability of block devices...
[[0;32m  OK  [0m] Reached target System Initialization.
[   17.546525] cloud-init[706]: ci-info: |   2   |   10.0.2.2   | 0.0.0.0  | 255.255.255.255 |   enp0s3  |   UH  |
[[   17.597098] cloud-init[706]: ci-info: |   3   | 192.168.33.0 | 0.0.0.0  |  255.255.255.0  |   enp0s8  |   U   |
[   17.597307] cloud-init[706]: ci-info: +-------+--------------+----------+-----------------+-----------+-------+
[   17.597803] cloud-init[706]: ci-info: +++++++++++++++++++Route IPv6 info+++++++++++++++++++
[   17.598811] cloud-init[706]: ci-info: +-------+-------------+---------+-----------+-------+
[   17.599269] cloud-init[706]: ci-info: | Route | Destination | Gateway | Interface | Flags |
[   17.599920] cloud-init[706]: ci-info: +-------+-------------+---------+-----------+-------+
[   17.600001] cloud-init[706]: ci-info: |   1   |  fe80::/64  |    ::   |   enp0s8  |   U   |
[   17.600236] cloud-init[706]: ci-info: |   2   |  fe80::/64  |    ::   |   enp0s3  |   U   |
[   17.600330] cloud-init[706]: ci-info: |   4   |    local    |    ::   |   enp0s3  |   U   |
[   17.600401] cloud-init[706]: ci-info: |   5   |    local    |    ::   |   enp0s8  |   U   |
[   17.600469] cloud-init[706]: ci-info: |   6   |   ff00::/8  |    ::   |   enp0s8  |   U   |
[   17.600541] cloud-init[706]: ci-info: |   7   |   ff00::/8  |    ::   |   enp0s3  |   U   |
[   17.600645] cloud-init[706]: ci-info: +-------+-------------+---------+-----------+-------+
[0;32m  OK  [0m] Started ACPI Events Check.
[[0;32m  OK  [0m] Started Daily apt download activities.
[[0;32m  OK  [0m] Listening on Open-iSCSI iscsid Socket.
[[0;32m  OK  [0m] Reached target Paths.
[[0;32m  OK  [0m] Listening on UUID daemon activation socket.
[[0;32m  OK  [0m] Started Daily apt upgrade and clean activities.
         Starting LXD - unix socket.
[[0;32m  OK  [0m] Started Message of the Day.
[[0;32m  OK  [0m] Started Discard unused blocks once a week.
[[0;32m  OK  [0m] Started Daily Cleanup of Temporary Directories.
[[0;32m  OK  [0m] Listening on D-Bus System Message Bus Socket.
[[0;32m  OK  [0m] Listening on ACPID Listen Socket.
         Starting Socket activation for snappy daemon.
[[0;32m  OK  [0m] Reached target Timers.
[[0;32m  OK  [0m] Reached target Cloud-config availability.
[[0;32m  OK  [0m] Started Availability of block devices.
[[0;32m  OK  [0m] Listening on LXD - unix socket.
[[0;32m  OK  [0m] Listening on Socket activation for snappy daemon.
[[0;32m  OK  [0m] Reached target Sockets.
[[0;32m  OK  [0m] Reached target Basic System.
[[0;32m  OK  [0m] Started Regular background program processing daemon.
         Starting Permit User Sessions...
[[0;32m  OK  [0m] Started FUSE filesystem for LXC.
[[0;32m  OK  [0m] Started irqbalance daemon.
         Starting Dispatcher daemon for systemd-networkd...
[[0;32m  OK  [0m] Started D-Bus System Message Bus.
         Starting OpenBSD Secure Shell server...
         Starting vboxadd.service...
         Starting Message of the Day...
         Starting LSB: automatic crash report generation...
         Starting LSB: Record successful boot for GRUB...
         Starting Accounts Service...
         Starting Login Service...
         Starting System Logging Service...
         Starting Snappy daemon...
[[0;32m  OK  [0m] Started Deferred execution scheduler.
         Starting LXD - container startup/shutdown...
[[0;32m  OK  [0m] Started Permit User Sessions.
         Starting Terminate Plymouth Boot Screen...
         Starting Hold until boot process finishes up...
[[0;32m  OK  [0m] Started OpenBSD Secure Shell server.
[[0;32m  OK  [0m] Started Terminate Plymouth Boot Screen.
[[0;32m  OK  [0m] Started Hold until boot process finishes up.
[[0;32m  OK  [0m] Started System Logging Service.
[[0;32m  OK  [0m] Started Login Service.
[[0;32m  OK  [0m] Started Unattended Upgrades Shutdown.
         Starting Authorization Manager...
[[0;32m  OK  [0m] Started Serial Getty on ttyS0.
         Starting Set console scheme...
[[0;32m  OK  [0m] Started LSB: Record successful boot for GRUB.
[[0;32m  OK  [0m] Started Set console scheme.
[[0;32m  OK  [0m] Created slice system-getty.slice.
[[0;32m  OK  [0m] Started Getty on tty1.
[[0;32m  OK  [0m] Reached target Login Prompts.
[[0;32m  OK  [0m] Started LSB: automatic crash report generation.
[[0;32m  OK  [0m] Started Authorization Manager.
[[0;32m  OK  [0m] Started Accounts Service.
[[0;32m  OK  [0m] Started LXD - container startup/shutdown.
[[0;32m  OK  [0m] Started Dispatcher daemon for systemd-networkd.
[[0;32m  OK  [0m] Started vboxadd.service.
         Starting vboxadd-service.service...
[[0;32m  OK  [0m] Started Snappy daemon.
         Starting Wait until snapd is fully seeded...
[[0;32m  OK  [0m] Started vboxadd-service.service.
[[0;32m  OK  [0m] Started Wait until snapd is fully seeded.
[[0;32m  OK  [0m] Reached target Multi-User System.
[[0;32m  OK  [0m] Reached target Graphical Interface.
         Starting Update UTMP about System Runlevel Changes...
         Starting Apply the settings specified in cloud-config...
[[0;32m  OK  [0m] Started Update UTMP about System Runlevel Changes.
[   20.550589] cloud-init[1262]: Cloud-init v. 19.1-1-gbaa47854-0ubuntu1~18.04.1 running 'modules:config' at Wed, 14 Aug 2019 03:52:26 +0000. Up 20.44 seconds.
[[0;32m  OK  [0m] Started Message of the Day.
[[0;32m  OK  [0m] Started Apply the settings specified in cloud-config.
         Starting Execute cloud user/final scripts...
[   21.356311] cloud-init[1310]: Cloud-init v. 19.1-1-gbaa47854-0ubuntu1~18.04.1 running 'modules:final' at Wed, 14 Aug 2019 03:52:27 +0000. Up 21.18 seconds.
[   21.396117] cloud-init[1310]: Cloud-init v. 19.1-1-gbaa47854-0ubuntu1~18.04.1 finished at Wed, 14 Aug 2019 03:52:27 +0000. Datasource DataSourceNoCloud [seed=/dev/sdb][dsmode=net].  Up 21.34 seconds
[[0;32m  OK  [0m] Started Execute cloud user/final scripts.
[[0;32m  OK  [0m] Reached target Cloud-init target.
         Starting Daily apt download activities...
[[0;32m  OK  [0m] Created slice User Slice of vagrant.
         Starting User Manager for UID 1000...
[[0;32m  OK  [0m] Started Session 1 of user vagrant.
[[0;32m  OK  [0m] Started User Manager for UID 1000.

Ubuntu 18.04.2 LTS ubuntu-bionic ttyS0

ubuntu-bionic login:          Stopping Session 47 of user vagrant.
[[0;32m  OK  [0m] Closed Load/Save RF Kill Switch Status /dev/rfkill Watch.
[[0;32m  OK  [0m] Stopped target Tim         Stopping D-Bus System Message Bus...
         Stopping Dispatcher daemon for systemd-networkd...
         Stopping Regular background program processing daemon...
         Stopping LSB: Record successful boot for GRUB...
[[0;32m  OK  [0m] Stopped target Network is Online.
[[0;32m  OK  [0m] Stopped Message of the Day.
         Stopping Deferred execution scheduler...
         Stopping LXD - container startup/shutdown...
         Stopping vboxadd-service.service...
         Stopping System Logging Service...
[[0;32m  OK  [0m] Stopped target Host and Network Name Lookups.
[[0;32m  OK  [0m] Stopped Daily apt upgrade and clean activities.
[[0;32m  OK  [0m] Stopped Daily apt download activities.
[[0;32m  OK  [0m] Stopped target System Time Synchronized.
         Stopping OpenBSD Secure Shell server...
[[0;32m  OK  [0m] Unmounted /var/lib/lxcfs.
[[0;32m  OK  [0m] Stopped Regular background program processing daemon.
[[0;32m  OK  [0m] Stopped irqbalance daemon.
[[0;32m  OK  [0m] Stopped Dispatcher daemon for systemd-networkd.
[[0;32m  OK  [0m] Stopped Accounts Service.
[[0;32m  OK  [0m] Stopped System Logging Service.
[[0;32m  OK  [0m] Stopped Deferred execution scheduler.
[[0;32m  OK  [0m] Stopped OpenBSD Secure Shell server.
[[0;32m  OK  [0m] Stopped Unattended Upgrades Shutdown.
[[0;32m  OK  [0m] Stopped Authorization Manager.
[[0;32m  OK  [0m] Stopped Serial Getty on ttyS0.
[[0;32m  OK  [0m] Stopped Getty on tty1.
[[0;32m  OK  [0m] Stopped User Manager for UID 1000.
[[0;32m  OK  [0m] Stopped Availability of block devices.
[[0;32m  OK  [0m] Stopped D-Bus System Message Bus.
[[0;32m  OK  [0m] Stopped FUSE filesystem for LXC.
[[0;32m  OK  [0m] Stopped Session 47 of user vagrant.
[[0;32m  OK  [0m] Removed slice User Slice of vagrant.
[[0;32m  OK  [0m] Removed slice system-getty.slice.
[[0;32m  OK  [0m] Removed slice system-serial\x2dgetty.slice.
         Stopping Permit User Sessions...
         Stopping Login Service...
[[0;32m  OK  [0m] Stopped LXD - container startup/shutdown.
[[0;32m  OK  [0m] Stopped LSB: Record successful boot for GRUB.
[[0;32m  OK  [0m] Stopped Permit User Sessions.
[[0;32m  OK  [0m] Stopped LSB: automatic crash report generation.
[[0;32m  OK  [0m] Stopped target Network.
         Stopping Network Name Resolution...
[[0;32m  OK  [0m] Stopped target Remote File Systems.
[[0;32m  OK  [0m] Stopped target Remote File Systems (Pre).
[[0;32m  OK  [0m] Stopped Network Name Resolution.
         Stopping Network Service...
[[0;32m  OK  [0m] Stopped Login Service.
[[0;32m  OK  [0m] Stopped target User and Group Name Lookups.
[[0;32m  OK  [0m] Stopped vboxadd-service.service.
[[0;32m  OK  [0m] Stopped Network Service.
[[0;32m  OK  [0m] Stopped target Network (Pre).
         Stopping vboxadd.service...
[[0;32m  OK  [0m] Unmounted /vagrant.
[[0;32m  OK  [0m] Stopped vboxadd.service.
[[0;32m  OK  [0m] Stopped target Basic System.
[[0;32m  OK  [0m] Stopped target Paths.
[[0;32m  OK  [0m] Stopped ACPI Events Check.
[[0;32m  OK  [0m] Stopped target Sockets.
[[0;32m  OK  [0m] Closed D-Bus System Message Bus Socket.
[[0;32m  OK  [0m] Closed Open-iSCSI iscsid Socket.
[[0;32m  OK  [0m] Closed LXD - unix socket.
[[0;32m  OK  [0m] Closed UUID daemon activation socket.
[[0;32m  OK  [0m] Closed Syslog Socket.
[[0;32m  OK  [0m] Closed Socket activation for snappy daemon.
[[0;32m  OK  [0m] Closed ACPID Listen Socket.
[[0;32m  OK  [0m] Stopped target Slices.
[[0;32m  OK  [0m] Removed slice User and Session Slice.
[[0;32m  OK  [0m] Stopped target System Initialization.
[[0;32m  OK  [0m] Stopped Apply Kernel Variables.
[[0;32m  OK  [0m] Stopped Load Kernel Modules.
         Stopping Update UTMP about System Boot/Shutdown...
[[0;32m  OK  [0m] Stopped target Local Encrypted Volumes.
[[0;32m  OK  [0m] Stopped Forward Password Requests to Wall Directory Watch.
[[0;32m  OK  [0m] Stopped Dispatch Password Requests to Console Directory Watch.
[[0;32m  OK  [0m] Stopped Initial cloud-init job (metadata service crawler).
[[0;32m  OK  [0m] Stopped Initial cloud-init job (pre-networking).
         Stopping Load/Save Random Seed...
[[0;32m  OK  [0m] Stopped Update UTMP about System Boot/Shutdown.
[[0;32m  OK  [0m] Stopped Load/Save Random Seed.
[[0;32m  OK  [0m] Stopped Create Volatile Files and Directories.
[[0;32m  OK  [0m] Stopped target Local File Systems.
         Unmounting /run/user/1000...
[[0;32m  OK  [0m] Unmounted /run/user/1000.
[[0;32m  OK  [0m] Reached target Unmount All Filesystems.
[[0;32m  OK  [0m] Stopped target Swap.
[[0;32m  OK  [0m] Stopped target Local File Systems (Pre).
[[0;32m  OK  [0m] Stopped Remount Root and Kernel File Systems.
         Stopping Monitoring of LVM2 mirrors…ng dmeventd or progress polling...
[[0;32m  OK  [0m] Stopped Create Static Device Nodes in /dev.
[[0;32m  OK  [0m] Reached target Shutdown.
[[0;32m  OK  [0m] Reached target Final Step.
         Starting Power-Off...
[[0;32m  OK  [0m] Stopped Monitoring of LVM2 mirrors,…sing dmeventd or progress polling.
         Stopping LVM2 metadata daemon...
[55531.781283] reboot: Power down
