[   0.00000] Lnu version 415.0-1-eneric (builddlg01-amd64-059) (gcc rsion 7.3.0 (Ubuntu 7.3.0-16ubuntu3)) #55-Ubuntu SMP Wed May 15 14:27:21 UTC 2019 (Ubuntu 4.15.0-51.55-geeric4.15.1)[    0.0000 Commad ine: BOOT_IAGE=/boot/vmlinuz-4.15.0-51-generic root=UUID=3636f5d4-1dd0-4284-b5af-9b234b43392 ro console=tty1 console=ttyS0
[    0.000000] KERNEL supported cpus:
[    0.000000]   Intel GenuineIntel
[    0.000000]   AMD AuthenticAMD
[    0.000000]   Centaur CentaurHaus
[    0.000000] x86/fpu: Supporting XSAVE feature 0x001: 'x87 floating point registers'
[    0.000000] x86/fpu: Supporting XSAVE feature 0x002: 'SSE registers'
[    0.000000] x86/fpu: Supporting XSAVE feature 0x004: 'AVX registers'
[    0.000000] x86/fpu: xstate_offset[2]:  576, xstate_sizes[2]:  256
[    0.000000] x86/fpu: Enabled xstate features 0x7, context size is 832 bytes, using 'standard' format.
[    0.000000] e820: BIOS-provided physical RAM map:
[    0.000000] BIOS-e820: [mem 0x0000000000000000-0x000000000009fbff] usable
[    0.000000] BIOS-e820: [mem 0x000000000009fc00-0x000000000009ffff] reserved
[    0.000000] BIOS-e820: [mem 0x00000000000f0000-0x00000000000fffff] reserved
[    0.000000] BIOS-e820: [mem 0x0000000000100000-0x000000003ffeffff] usable
[    0.000000] BIOS-e820: [mem 0x000000003fff0000-0x000000003fffffff] ACPI data
[    0.000000] BIOS-e820: [mem 0x00000000fec00000-0x00000000fec00fff] reserved
[    0.000000] BIOS-e820: [mem 0x00000000fee00000-0x00000000fee00fff] reserved
[    0.000000] BIOS-e820: [mem 0x00000000fffc0000-0x00000000ffffffff] resered
[    0.000000] NX (Execute Disable) protection: active
[    0.000000] SMBIOS 2.5present.
[   .00000]DM: nnotek GbHVitualBox/VrtalBox, BIO VirtualBx 2/01/26
[   0.0000] Hypervordetected KM
[    00000] e820:lat_pfn = 0x3fff0 max_archpfn  040000000
   0.000000 MRR Disabed
[   0.000000] 86PAT:MTRRs diabed, skipping PAT initialization too.
[    0.000000] CPU MTRRs all blank - virtualized system.
[    0.000000] x86PAT: Configuration [0-7]: WB  WT  UC- UC  WB  WT  UC- UC  
[    0.000000] found SMP MPtable at [mem 0x0009fff0-0x0009ffff] mapped at [        (ptrval)]
[    0.000000] Scanning 1 areas for lowmemory coruptio
[   0.0000] AMDISK: [mem x39d30000x36c0ff]
[    0.0000 ACPI: Early table cecsum verifiatondisabled
[    0.000000] ACPI: RSDP 0x00000000E0000 000024 (v02 VBOX  )
[    0.000000] ACPI: XSDT 0x000000003FFF0030 00003C (v01 VBOX   VBOXXSDT 00000001 ASL 000061)
[   0.00000] ACI:FACP 0x000000003FFF00F0 0000F4 (v04 VBOX   VBOXFACP 00000001 ASL  00000061)
[    0.000000] ACPI: DSDT 0x000000003FFF0470 0021FF (v02 VBOX   VBOXBIOS 00000002 INTL 20100528)
[    0.000000] ACPI: FACS 0x000000003FFF0200 000040
[    0.000000] ACPI: FACS 0x000000003FFF0200 000040
[    0.000000] ACPI: APIC 0x000000003FFF0240 00005C (v02 VBOX   VBOXAPIC 000001 ASL  00000061)
[    0.000000] ACPI: SSDT 0x000000003FFF02A0 0001CC (v01 VBOX   VBOXCPUT 00000002 INTL 20100528)
[    0.000000] No NUMA configuration found
[    0.000000] Faking a node at [mem 0x0000000000000000-0x0000003ffefff
    0.000000] NODE_DATA(0) allocated [mem 0x3ffc5000-0x3ffeffff]
[    0.000000] kvm-clock: cpu 0, msr 0:3ff44001, primary cpu clock
[    0.000000] kvm-clock: Using msrs 4b564d01 and 4b564d00
[    0.000000] kvm-clock: using sched offset of 6283002480 cycles
[    0.000000] clocksource: kvm-clock: mask: 0xffffffffffffffff max_cycles: 0x1cd42e4dffb, max_idle_ns: 881590591483 ns
[    0.000000] Zone ranges:
[    0.00000]  DMA      [mem 0x000000000000-00000000000fffff]
[    0.000000]   DMA32    [mem 0x0000000001000000-0x000000003ffeffff]
[    0.000000]   Normal   empty
[    0000000]   Device   empty
[    0.000000] Movable zone start for each node
[    0.000000] Early memory node ranges
[    0.000000]   node   0: [mem 0x0000000000001000-0x000000000009efff]
[    0.000000]   node   0: [mem 0x0000000000100000-0x000000003ffeffff]
[    0.000000] Resveed but unavailable: 114 paes
[   0.0000] Initmem setup node 0 [mem 0x000000000000100-x00000003ffeffff]
[   .00000] CPI: PM-Timer IO Port: 0x408[    0.000000] OAICC[0: pi_id 2, version 32, address0xfe0000, GSI 0-3[    0.0000] ACPI: INT_SRC_O (us 0 bus_ir 0 global_iq 2 dfl df)
[    0.000000] API IT_SRC_VR (bus 0 bus_irq 9 global_irq 9 low level)
[    0.000000] Using ACPI (MADT) for SMP configuration information
[    0.000000] smpboot: Allowng 2 CPUs, 0otlug CPUs
[   0000000] PM: Registered nosave memory: [mem 0x00000000-0x00000fff]
[    0.000000] PM: Registered nosave memory: [mem 0x0009f000-0x0009ffff]
[    0.000000] PM: Registered nosave memory: [mem 0x000a0000-0x000effff]
[    0.000000] PM: Registered nosave memory: [mem 0x000f0000-0x000fffff]
[    0.000000] e820: [mem 0x40000000-0xfebfffff] available for PCI devices
[    0.000000] Booting paravirtualized kernel on KVM
[    0.000000] clocksource: refined-jiffies: mask: 0xffffffff max_cycles: 0xffffffff, max_idle_ns: 7645519600211568 ns
[    0.000000] random: get_random_bytes called from start_kernel+0x99/0x4fd with crng_init=0
[    0.000000] setup_percpu: NR_CPUS:8192 nr_cpumask_bits:2 nr_cpu_ids:2 nr_node_ids:1
[    0.000000] percpu: Embedded 46 pages/cpu @        (ptrval) s151552 r8192 d28672 u1048576
[    0.000000] PV qspinlock hash table entries: 256 (order: 0, 4096 bytes)
[    0.000000] Built 1 zonelists, mobility grouping on.  Total pages: 257913
[    0.000000] Policy zone: DMA32
[    0.000000] Kernel command line: BOOT_IMAGE=/boot/vmlinuz-4.15.0-51-generic root=UUID=3636f5d4-1dd0-4284-b5af-9b234b433392 ro console=tty1 console=ttyS0
[    0.000000] Memory: 983072K/1048120K available (12300K kernel code, 2473K rwdata, 4272K rodata,2408K init, 2416K bss, 65048K reserved, 0K cma-reserved)
[    0.000000] SLUB: HWalign=64, Order=0-3, MinObjects=0, CPUs=2, Nodes=1
[    0.000000] Kernel/User page tables isolation: enabled
[    0.000000] ftrace: allocating 39215 entries in 154 pages
[    0.004000] Hierarchical RCU implementation.
[    0.004000] 	RCU restricting CPUs from NR_CPUS=8192 to n_cpu_ids=2.
[    0.004000] 	Tasks RC enabled.
[    0.004000] RCU: Adjusting geometry for rcu_fanout_leaf=16, nr_cpu_ids=2
[    0.004000] NR_IRQS: 524544, nr_irqs: 440, preallocated irqs: 16
[    0.004000] Console: colour VGA+ 80x25
[    0.004000] console [tty1] enabled
[    0.004000] console [ttyS0] enabled
[    0.004000] ACPI: Core revision 20170831
[    .04000] ACPI2 CPI AML abessuccessfully acqred and loaded
[    0.004000] APIC: Switch to symmetric I/O mode setup
[    0.004000 xapic enabled
[    0.004008] Switched APIC routing to physical x2apic.
[    0.009027] ..TIMER: vector=0x30 apic1=0 pin1=2 apic2=-1 pin2=-1
[    0.012007] tsc: Detected 1200.000 MHz processor
[    0.016025] Calibrating delay loop (skipped) preset value.. 2400.00 BogoMIPS (lpj=4800000)
[    0.020004] pid_max: default: 32768 minimum: 301
[    0.024055] Security Framework initialized
[    0.028011] Yama: becoming mindful.
[    0.032055] AppArmor: AppArmor initialized
[    0.040064] Dentry cache hash table entries: 131072 (order: 8, 1048576 bytes)
[    0.044087] Inode-cache hash table entries: 65536 (order: 7, 524288 bytes)
[    0.048027] Mount-cache hash table entries: 2048 (order: 2, 16384 bytes)
[    0.052015] Mountpoint-cache hash table entries: 2048 (order: 2, 16384 bytes)
[    0.056311] mce: CPU supports 0 MCE banks
[    0.060025] Last level iTLB entries: 4KB 64, 2MB 8, 4MB 8
[    0.062391] Last level dTLB entries: 4KB 64, 2MB 0, 4MB 0, 1GB 4
[    0.064004] Spectre V2 : Mitigation: Full generic retpoline
[    0.065790] Spectre V2 : Spectre v2 / SpectreRSB mitigation: Filling RSB on context switch
[    0.068002] Speculative Store Bypass: Vulnerable
[    0.072054] MDS: Vulnerable: Clear CPU buffers attempted, no microcode
[    0.076109] Freeing SMP alternatives memory: 36K
[    0.084000] smpboot: CPU0: Intel(R) Core(TM) m3-7Y32 CPU @ 1.10GHz (family: 0x6, model: 0x8e, stepping: 0x9)
[    0.084140] Performance Events: unsupported p6 CPU model 142 no PMU driver, software events only.
[    0.088078] Hierarchical SRCU implementation.
[    0.092681] NMI watchdog: Perf event create on CPU 0 failed with -2
[    0.095134] NMI watchdog: Perf NMI watchdog permanently disabled
[    0.096076] smp: Bringing up secondary CPUs ...
[    0.097521] x86: Booting SMP configuration:
[    0.100004] .... node  #0, CPUs:      #1
[    0.004000] kvm-clock: cpu 1, msr 0:3ff44041, secondary cpu clock
[    0.004000] mce: CPU supports 0 MCE banks
[    0.108009] smp: Brought up 1 node, 2 CPUs
[    0.109737] smpboot: Max logical packages: 1
[    0.111578] smpboot: Total of 2 processors activated (4800.00 BogoMIPS)
[    0.112172] devtmpfs: initialized
[    0.116088] x86/mm: Memory block size: 128MB
[    0.118167] evm: security.selinux
[    0.120007] evm: security.SMACK64
[    0.121906] evm: security.SMACK64EXEC
[    0.124004] evm: security.SMACK64TRANSMUTE
[    0.126439] evm: security.SMACK64MMAP
[    0.128004] evm: security.apparmor
[    0.129796] evm: security.ima
[    0.132004] evm: security.capability
[    0.136245] clocksource: jiffies: mask: 0xffffffff max_cycles: 0xffffffff, max_idle_ns: 7645041785100000 ns
[    0.140052] futex hash table entries: 512 (order: 3, 32768 bytes)
[    0.144103] pinctrl core: initialized pinctrl subsystem
[    0.152230] RTC time:  9:05:01, date: 06/17/19
[    0.156313] NET: Registered protocol family 16
[    0.159047] audit: initializing netlink subsys (disabled)
[    0.160153] audit: type=2000 audit(1560762304.005:1): state=initialized audit_enabled=0 res=1
[    0.164085] cpuidle: using governor ladder
[    0.168017] cpuidle: using governor menu
[    0.172147] ACPI: bus type PCI registered
[    0.174234] acpiphp: ACPI Hot Plug PCI Controller Driver version: 0.5
[    0.176428] PCI: Using configuration type 1 for base access
[    0.183163] HugeTLB registered 2.00 MiB page size, pre-allocated 0 pages
[    0.184181] ACPI: Added _OSI(Module Device)
[    0.188011] ACPI: Added _OSI(Processor Device)
[    0.190756] ACPI: Added _OSI(3.0 _SCP Extensions)
[    0.192009] ACPI: Added _OSI(Processor Aggregator Device)
[    0.194325] ACPI: Added _OSI(Linux-Dell-Video)
[    0.196008] ACPI: Added _OSI(Linux-Lenovo-NV-HDMI-Audio)
[    0.197918] ACPI: Added _OSI(Linux-HPI-Hybrid-Graphics)
[    0.200851] ACPI: Executed 1 blocks of module-level executable AML code
[    0.209446] ACPI: Interpreter enabled
[    0.212034] ACPI: (supports S0 S5)
[    0.216007] ACPI: Using IOAPIC for interrupt routing
[    0.220314] PCI: Using host bridge windows from ACPI; if necessary, use "pci=nocrs" and report a bug
[    0.224301] ACPI: Enabled 2 GPEs in block 00 to 07
[    0.236943] ACPI: PCI Root Bridge [PCI0] (domain 0000 [bus 00-ff])
[    0.240018] acpi PNP0A03:00: _OSC: OS supports [ASPM ClockPM Segments MSI]
[    0.244056] acpi PNP0A03:00: _OSC: not requesting OS control; OS requires [ExtendedConfig ASPM ClockPM MSI]
[    0.248027] acpi PNP0A03:00: fail to add MMCONFIG information, can't access extended PCI configuration space under this bridge.
[    0.252546] PCI host bridge to bus 0000:00
[    0.256006] pci_bus 0000:00: root bus resource [io  0x0000-0x0cf7 window]
[    0.260003] pci_bus 0000:00: root bus resource [io  0x0d00-0xffff window]
[    0.262144] pci_bus 0000:00: root bus resource [mem 0x000a0000-0x000bffff window]
[    0.264011] pci_bus 0000:00: root bus resource [mem 0x40000000-0xfdffffff window]
[    0.268012] pci_bus 0000:00: root bus resource [bus 00-ff]
[    0.279542] pci 0000:00:01.1: legacy IDE quirk: reg 0x10: [io  0x01f0-0x01f7]
[    0.280010] pci 0000:00:01.1: legacy IDE quirk: reg 0x14: [io  0x03f6]
[    0.284007] pci 0000:00:01.1: legacy IDE quirk: reg 0x18: [io  0x0170-0x0177]
[    0.288009] pci 0000:00:01.1: legacy IDE quirk: reg 0x1c: [io  0x0376]
[    0.313250] pci 0000:00:07.0: quirk: [io  0x4000-0x403f] claimed by PIIX4 ACPI
[    0.316027] pci 0000:00:07.0: quirk: [io  0x4100-0x410f] claimed by PIIX4 SMB
[    0.333647] ACPI: PCI Interrupt Link [LNKA] (IRQs 5 9 10 *11)
[    0.336358] ACPI: PCI Interrupt Link [LNKB] (IRQs 5 9 *10 11)
[    0.340215] ACPI: PCI Interrupt Link [LNKC] (IRQs 5 *9 10 11)
[    0.344165] ACPI: PCI Interrupt Link [LNKD] (IRQs 5 9 10 *11)
[    0.348507] SCSI subsystem initialized
[    0.352082] pci 0000:00:02.0: vgaarb: setting as boot VGA device
[    0.356000] pci 0000:00:02.0: vgaarb: VGA device added: decodes=io+mem,owns=io+mem,locks=none
[    0.356006] pci 0000:00:02.0: vgaarb: bridge control possible
[    0.360008] vgaarb: loaded
[    0.364060] ACPI: bus type USB registered
[    0.368038] usbcore: registered new interface driver usbfs
[    0.372018] usbcore: registered new interface driver hub
[    0.376056] usbcore: registered new device driver usb
[    0.380087] EDAC MC: Ver: 3.0.0
[    0.381526] PCI: Using ACPI for IRQ routing
[    0.384528] NetLabel: Initializing
[    0.388007] NetLabel:  domain hash size = 128
[    0.389660] NetLabel:  protocols = UNLABELED CIPSOv4 CALIPSO
[    0.392032] NetLabel:  unlabeled traffic allowed by default
[    0.394153] clocksource: Switched to clocksource kvm-clock
[    0.414103] VFS: Disk quotas dquot_6.6.0
[    0.418167] VFS: Dquot-cache hash table entries: 512 (order 0, 4096 bytes)
[    0.422075] AppArmor: AppArmor Filesystem Enabled
[    0.424962] pnp: PnP ACPI init
[    0430414] pnp: PnP ACPI: found 3 devices

[   0.494291] clocksource: acpi_pm: mask: 0xffffff max_cycles: 0xffffff, max_idle_ns: 2085701024 ns
[    0.524127] NET: Registered protocol family 2

[    0.529148] TCP established hah abe enries:19 (rdr:4,6536bytes)   08721] CPbind hash table entie: 19 (rder: 5 1102 yts)
[   1.6160] CP Has tables configured (established 8192 bind 8192)
[    1.506196] UDP hash table entries: 512 (order: 2, 16384 bytes)
[    1.509033] UDP-Lite hash table entries: 512 (order: 2, 16384 bytes)
[    1.511082] NET: Registered protocol family 1
[    1.512408] pci 0000:00:00.0: Limiting direct PCI/PCI transfers
[    1.514142] pci 0000:00:01.0: Activating ISA DMA hang workarounds
[    1.515966] pci 0000:00:02.0: Video device with shadowed ROM at [me 0x000c0000-0x000dffff]
[    1.561926] Unpacking initramfs...

[    1.903402] Freeing initrd memory: 19512K
[    1.925637] clocksource: tsc: mask: 0xffffffffffffffff max_cycles: 0x114c1bbbeec, max_idle_ns: 440795229572 ns
[    2.070605] platform rtc_cmos: registered platform RTC device (no PNP device found)
[    2.172722] Scanning for low memory corruption every 60 seconds
[    2.245875] Initialise system trusted keyrings
[    2.280680] Key type blacklist registered
[    2.320571] workingset: timestamp_bits=36 max_order=18 bucket_order=0
[    2.367009] zbud: loaded
[    2.386708] squashfs: version 4.0 (2009/01/31) Phillip Lougher
[    2.411124] fuse init (API version 7.26)
[    2.452979] Key type asymmetric registered
[    2.458608] Asymmetric key parser 'x509' registered
[    2.496950] Block layer SCSI generic (bsg) driver version 0.4 loaded (major 246)
[    2.532899] io scheduler noop registered
[    2.560235] io scheduler deadline registered
[    2.595902] io scheduler cfq registered (default)
[    2.622022] ACPI: AC Adapter [AC] (on-line)
[    2.630089] input: Power Button as /devices/LNXSYSTM:00/LNXPWRBN:00/input/input0
[    2.632590] ACPI: Power Button [PWRF]
[    2.633835] input: Sleep Button as /devices/LNXSYSTM:00/LNXSLPBN:00/input/input1
[    2.635941] ACPI: Sleep Button [SLPF]
[    2.641339] ACPI: Battery Slot [BAT0] (battery present)
[    2.643234] Serial: 8250/16550 driver, 32 ports, IRQ sharing enabled
[    2.673615] 00:02: ttyS0 at I/O 0x3f8 (irq = 4, base_baud = 115200) is a 16550A
[    2.690498] Linux agpgart interface v0.103
[    2.700730] loop: module loaded
[    2.703670] scsi host0: ata_piix
[    2.706160] scsi host1: ata_piix
[    2.707911] ata1: PATA max UDMA/33 cmd 0x1f0 ctl 0x3f6 bmdma 0xd000 irq 14
[    2.719226] ata2: PATA max UDMA/33 cmd 0x170 ctl 0x376 bmdma 0xd008 irq 15
[    2.723237] libphy: Fixed MDIO us: probed

[    2.752739] tun: Universal TUN/TAP device driver, 1.6
[    2.754871] PPP generic driver version 2.4.2
[    2.757113] ehci_hcd: USB 2.0 'Enhanced' Host Controller (EHCI) Driver
[    2.758925] ehci-pci: EHCI PCI platform driver
[    2.760664] ehci-platform: EHCI generic platform driver
[    2.762673] ohci_hcd: USB 1.1 'Open' Host Controller (OHCI) Driver
[    2.771253] ohci-pci: OHCI PCI platform driver
[    2.772754] ohci-platform: OHCI generic platform driver
[    2.774806] uhci_hcd: USB Universal Host Controller Interface driver
[    2.776795] i8042: PNP: PS/2 Controller [PNP0303:PS2K,PNP0f03:PS2M] at 0x60,0x64 irq 1,12
[    2.779696] serio: i8042 KBD port at 0x60,0x64 irq 1
[    2.804968] serio: i8042 AUX port at 0x60,0x64 irq 12
[    2.807006] mousedev: PS/2 mouse device common for all mice
[    2.811476] rtc_cmos rtc_cmos: rtc core: registered rtc_cmos as rtc0
[    2.815476] input: AT Translated Set 2 keyboard as /devices/platform/i8042/serio0/input/input2
[    2.816375] rtc_cmos rtc_cmos: alarms up to one day, 114 bytes nvram
[    2.816398] i2c /dev entries driver
[    2.816518] device-mapper: uevent: version 1.0.3
[    2.816638] device-mapper: ioctl: 4.37.0-ioctl (2017-09-20) initialised: dm-devel@redhat.com
[    3.041355] ledtrig-cpu: registered to indicate activity on CPUs
[    3.090777] NET: Registered protocol family 10
[    3.125790] Segment Routing with IPv6
[    3.135679] NET: Registered protocol family 17
[    3.190358] Key type dns_resolver registered
[    3.215928] RAS: Correctable Errors collector initialized.
[    3.268898] sched_clock: Marking stable (3268842085, 0)->(9121913723, -5853071638)
[    3.350441] registered taskstats version 1
[    3.390047] Loading compiled-in X.509 certificates
[    3.395031] Loaded X.509 cert 'Build time autogenerated kernel key: c1fa4cde9d34780ae4ae655b856adc042b663c06'
[    3.429964] zswap: loaded using pool lzo/zbud
[    3.476560] Key type big_key registered
[    3.553832] Key type trusted registered
[    3.589271] Key type encrypted registered
[    3.649334] AppArmor: AppArmor sha1 policy hashing enabled
[    3.651728] ima: No TPM chip found, activating TPM-bypass! (rc=-19)
[    3.654109] ima: Allocated hash algorithm: sha1
[    3.655871] evm: HMAC attrs: 0x1
[    3.657635]   Magic number: 7:742:70
[    3.659085]  memory: hash matches
[    3.660437] rtc_cmos rtc_cmos: setting system clock to 2019-06-17 09:05:05 UTC (1560762305)
[    3.675059] BIOS EDD facility v0.16 2004-Jun-25, 0 devices found
[    3.678322] EDD information not available.
[    3.689315] Freeing unused kernel image memory: 2408K
[    3.708488] Write protecting the kernel read-only data: 20480k
[    3.717163] Freeing unused kernel image memory: 2008K
[    3.721725] Freeing unused kernel image memory: 1872K
[    3.740612] x86/mm: Checked W+X mappings: passed, no W+X pages found.
[    3.745000] x86/mm: Checking user space page tables
[    3.762295] x86/mm: Checked W+X mappings: passed, no W+X pages found.
Loading, please wait...
starting version 237
[    3.943668] Fusion MPT base driver 3.04.20
[    3.953201] Copyright (c) 1999-2008 LSI Corporation
[    3.972512] e1000: Intel(R) PRO/1000 Network Driver - version 7.3.21-k8-NAPI
[    3.986885] e1000: Copyright (c) 1999-2006 Intel Corporation.
[    4.009528] AVX2 version of gcm_enc/dec engaged.
[    4.030586] AES CTR mode by8 optimization enabled
[    4.035916] Fusion MPT SPI Host driver 3.04.20
[    4.199603] input: ImExPS/2 Generic Explorer Mouse as /devices/platform/i8042/serio1/input/input4
[    4.463528] e1000 0000:00:03.0 eth0: (PCI:33MHz:32-bit) 02:89:59:7e:34:d3
[    4.508703] e1000 0000:00:03.0 eth0: Intel(R) PRO/1000 Network Connection
[    4.939342] e1000 0000:00:08.0 eth1: (PCI:33MHz:32-bit) 08:00:27:ad:7c:d5
[    4.941981] e1000 0000:00:08.0 eth1: Intel(R) PRO/1000 Network Connection
[    4.946321] e1000 0000:00:08.0 enp0s8: renamed from eth1
[    4.956577] mptbase: ioc0: Initiating bringup
[    4.972308] e1000 0000:00:03.0 enp0s3: renamed from eth0
[    5.072622] ioc0: LSI53C1030 A0: Capabilities={Initiator}
[    5.323057] scsi host2: ioc0: LSI53C1030 A0, FwRev=00000000h, Ports=1, MaxQ=256, IRQ=20
[    5.494054] scsi 2:0:0:0: Direct-Access     VBOX     HARDDISK         1.0  PQ: 0 ANSI: 5
[    5.552316] scsi target2:0:0: Beginning Domain Validation
[    5.616339] scsi target2:0:0: Domain Validation skipping write tests
[    5.641180] scsi target2:0:0: Ending Domain Validation
[    5.648477] scsi target2:0:0: asynchronous
[    5.684066] scsi 2:0:1:0: Direct-Access     VBOX     HARDDISK         1.0  PQ: 0 ANSI: 5
[    5.748268] scsi target2:0:1: Beginning Domain Validation
[    5.868900] random: fast init done
[    6.080661] scsi target2:0:1: Domain Validation skipping write tests
[    6.082604] scsi target2:0:1: Ending Domain Validation
[    6.084291] scsi target2:0:1: asynchronous
[    6.094602] random: systemd-udevd: uninitialized urandom read (16 bytes read)
[    6.097946] random: systemd-udevd: uninitialized urandom read (16 bytes read)
[    6.098123] sd 2:0:0:0: Attached scsi generic sg0 type 0
[    6.103785] sd 2:0:1:0: Attached scsi generic sg1 type 0
[    6.110819] random: systemd-udevd: uninitialized urandom read (16 bytes read)
[    6.116200] sd 2:0:0:0: [sda] 20971520 512-byte logical blocks: (10.7 GB/10.0 GiB)
[    6.117185] sd 2:0:1:0: [sdb] 20480 512-byte logical blocks: (10.5 MB/10.0 MiB)
[    6.118905] sd 2:0:1:0: [sdb] Write Protect is off
[    6.119225] sd 2:0:1:0: [sdb] Incomplete mode parameter data
[    6.119227] sd 2:0:1:0: [sdb] Assuming drive cache: write through
[    6.140238] sd 2:0:0:0: [sda] Write Protect is off
[    6.143957] sd 2:0:1:0: [sdb] Attached SCSI disk
[    6.148852] sd 2:0:0:0: [sda] Incomplete mode parameter data
[    6.152611] sd 2:0:0:0: [sda] Assuming drive cache: write through
[    6.159207]  sda: sda1
[    6.162892] sd 2:0:0:0: [sda] Attached SCSI disk
Begin: Loading essential drivers ... [    7.680021] raid6: sse2x1   gen()  9445 MB/s
[    7.776312] raid6: sse2x1   xor()  7317 MB/s
[    7.860308] raid6: sse2x2   gen() 11082 MB/s
[    7.916616] raid6: sse2x2   xor()  8340 MB/s
[    7.996294] raid6: sse2x4   gen() 12930 MB/s
[    8.076016] raid6: sse2x4   xor()  8721 MB/s
[    8.148253] raid6: avx2x1   gen() 19262 MB/s
[    8.208256] raid6: avx2x1   xor() 13804 MB/s
[    8.268329] raid6: avx2x2   gen() 21408 MB/s
[    8.344581] raid6: avx2x2   xor() 14496 MB/s
[    8.392209] raid6: avx2x4   gen() 12272 MB/s
[    8.440040] raid6: avx2x4   xor()  9759 MB/s
[    8.441896] raid6: using algorithm avx2x2 gen() 21408 MB/s
[    8.443471] raid6: .... xor() 14496 MB/s, rmw enabled
[    8.458359] raid6: using avx2x2 recovery algorithm
[    8.462627] xor: automatically using best checksumming function   avx       
[    8.469289] async_tx: api initialized (async)
done.
Begin: Running /scripts/init-premount ... done.
Begin: Mounting root file system ... Begin: Running /scripts/local-top ... done.
Begin: Running /scripts/local-premount ... [    8.532367] Btrfs loaded, crc32c=crc32c-intel
Scanning for Btrfs filesystems
done.
Warning: fsck no[    8.597246] EXT4-fs (sda1): INFO: recovery required on readonly filesystem
t present, so sk[    8.638866] EXT4-fs (sda1): write access will be enabled during recovery
ipping root file system
[    8.737300] EXT4-fs (sda1): orphan cleanup on readonly fs
[    9.088012] EXT4-fs (sda1): 2 orphan inodes deleted
[    9.116515] EXT4-fs (sda1): recovery complete
[    9.156345] EXT4-fs (sda1): mounted filesystem with ordered data mode. Opts: (null)
done.
Begin: Running /scripts/local-bottom ... done.
Begin: Running /scripts/init-bottom ... done.
[    9.437475] ip_tables: (C) 2000-2006 Netfilter Core Team
[    9.457941] systemd[1]: systemd 237 running in system mode. (+PAM +AUDIT +SELINUX +IMA +APPARMOR +SMACK +SYSVINIT +UTMP +LIBCRYPTSETUP +GCRYPT +GNUTLS +ACL +XZ +LZ4 +SECCOMP +BLKID +ELFUTILS +KMOD -IDN2 +IDN -PCRE2 default-hierarchy=hybrid)
[    9.466302] systemd[1]: Detected virtualization oracle.
[    9.468493] systemd[1]: Detected architecture x86-64.

Welcome to [1mUbuntu 18.04.2 LTS[0m!

[    9.484507] systemd[1]: Set hostname to <ubuntu-bionic>.
[   10.680943] systemd[1]: Reached target User and Group Name Lookups.
[[0;32m  OK  [0m] Reached target User and Group Name Lookups.
[   10.875244] systemd[1]: Reached target Swap.
[[0;32m  OK  [0m] Reached target Swap.
[   11.517774] systemd[1]: Set up automount Arbitrary Executable File Formats File System Automount Point.
[[0;32m  OK  [0m] Set up automount Arbitrary Executab…rmats File System Automount Point.
[   11.877363] systemd[1]: Created slice System Slice.
[[0;32m  OK  [0m] Created slice System Slice.
[   11.905208] systemd[1]: Listening on Journal Audit Socket.
[[0;32m  OK  [0m] Listening on Journal Audit Socket.
[   12.545328] systemd[1]: Listening on LVM2 metadata daemon socket.
[[0;32m  OK  [0m] Listening on LVM2 metadata daemon socket.
[[0;32m  OK  [0m] Listening on Journal Socket (/dev/log).
[[0;32m  OK  [0m] Listening on Device-mapper event daemon FIFOs.
[[0;32m  OK  [0m] Listening on Network Service Netlink Socket.
[[0;32m  OK  [0m] Listening on udev Kernel Socket.
[[0;32m  OK  [0m] Listening on /dev/initctl Compatibility Named Pipe.
[[0;32m  OK  [0m] Listening on udev Control Socket.
[[0;32m  OK  [0m] Listening on Journal Socket.
         Starting Load Kernel Modules...
         Starting Uncomplicated firewall...
         Starting Set the console keyboard layout...
[[0;32m  OK  [0m] Reached target System Time Synchronized.
[[0;32m  OK  [0m] Created slice User and Session Slice.
[[0;32m  OK  [0m] Reached target Slices.
         Starting udev Coldplug all Devices...
         Mounting Kernel Debug File System...
[   12.902616] Loading iSCSI transport class v2.0-870.
[[0;32m  OK  [0m] Listening on Syslog Socket.
         Starting Journal Service...
[[0;32m  OK  [0m] Listening on LVM2 poll daemon socket.
[   12.961644] iscsi: registered transport (tcp)
         Mounting POSIX Message Queue File System...
         Starting Remount Root and Kernel File Systems...
         Mounting Huge Pages File System...
[[0;32m  OK  [0m] Created slice system-serial\x2dgetty.slice.
         Starting Monitoring of LVM2 mirrors…ng dmeventd or progress polling...
[[0;32m  OK  [0m] Started Forward Password Requests to Wall Directory Watch.
         Starting Create list of required st…c[   13.072255] iscsi: registered transport (iser)
e nodes for the [   13.535853] random: crng init done
current kernel...
[   13.547771] random: 7 urandom warning(s) missed due to ratelimiting
[[0;32m  OK  [0m] Started Journal Service.
[[0;32m  OK  [0m] Started Load Kernel Modules.
[[0;32m  OK  [0m] Started Uncomplicated firewall.
         Mounting Kernel Configuration File System...
         Mounting FUSE Control File System...
         Starting Apply Kernel Variables...
[[0;32m  OK  [0m] Started Create list of required sta…vice nodes for the current kernel.
         Starting Create Static Device Nodes in /dev...
[[0;32m  OK  [0m] Started udev Coldplug all Devices.
[[0;32m  OK  [0m] Mounted Kernel Debug File System.
[[0;32m  OK  [0m] Mounted POSIX Message Queue File System.
[[0;32m  OK  [0m] Mounted Huge Pages File System.
[[0;32m  OK  [0m] Mounted Kernel Configuration File System.
[[0;32m  OK  [0m] Mounted FUSE Control File System.
[[0;32m  OK  [0m] Started Remount Root and Kernel File Systems.
[[0;32m  OK  [0m] Started Apply Kernel Variables.
[[0;32m  OK  [0m] Started Create Static Device Nodes in /dev.
[[0;32m  OK  [0m] Started LVM2 metadata daemon.
         Starting Load/Save Random Seed...
         Starting udev Kernel Device Manager...
         Starting Flush Journal to Persistent Storage...
[[0;32m  OK  [0m] Started Load/Save Random Seed.
[[0;32m  OK  [0m] Started udev Kernel Device Manager.
[[0;32m  OK  [0m] Started Monitoring of LVM2 mirrors,…sing dmeventd or progress polling.
[[0;32m  OK  [0m] Started Flush Journal to Persistent Storage.
[[0;32m  OK  [0m] Found device /dev/ttyS0.
[[0;32m  OK  [0m] Listening on Load/Save RF Kill Switch Status /dev/rfkill Watch.
[[0;32m  OK  [0m] Started Set the console keyboard layout.
[[0;32m  OK  [0m] Started Dispatch Password Requests to Console Directory Watch.
[[0;32m  OK  [0m] Reached target Local Encrypted Volumes.
[[0;32m  OK  [0m] Reached target Local File Systems (Pre).
[[0;32m  OK  [0m] Reached target Local File Systems.
         Starting ebtables ruleset management...
         Starting Tell Plymouth To Write Out Runtime Data...
         Starting Create Volatile Files and Directories...
         Starting AppArmor initialization...
         Starting Set console font and keymap...
[[0;32m  OK  [0m] Started Tell Plymouth To Write Out Runtime Data.
[[0;32m  OK  [0m] Started Create Volatile Files and Directories.
         Starting Update UTMP about System Boot/Shutdown...
[[0;32m  OK  [0m] Started Set console font and keymap.
[[0;32m  OK  [0m] Started Update UTMP about System Boot/Shutdown.
[[0;32m  OK  [0m] Started ebtables ruleset management.
[[0;32m  OK  [0m] Started AppArmor initialization.
         Starting Initial cloud-init job (pre-networking)...
[   18.244240] cloud-init[732]: Cloud-init v. 19.1-1-gbaa47854-0ubuntu1~18.04.1 running 'init-local' at Mon, 17 Jun 2019 09:05:19 +0000. Up 17.96 seconds.
[[0;32m  OK  [0m] Started Initial cloud-init job (pre-networking).
[[0;32m  OK  [0m] Reached target Network (Pre).
         Starting Network Service...
[[0;32m  OK  [0m] Started Network Service.
         Starting Network Name Resolution...
         Starting Wait for Network to be Configured...
[[0;32m  OK  [0m] Started Network Name Resolution.
[[0;32m  OK  [0m] Reached target Host and Network Name Lookups.
[[0;32m  OK  [0m] Reached target Network.
[[0;32m  OK  [0m] Started Wait for Network to be Configured.
         Starting Initial cloud-init job (metadata service crawler)...
[   21.205465] cloud-init[837]: Cloud-init v. 19.1-1-gbaa47854-0ubuntu1~18.04.1 running 'init' at Mon, 17 Jun 2019 09:05:22 +0000. Up 20.86 seconds.
[   21.245575] cloud-init[837]: ci-info: ++++++++++++++++++++++++++++++++++++++Net device info+++++++++++++++++++++++++++++++++++++++
[   21.253719] cloud-init[837]: ci-info: +--------+------+-----------------------------+---------------+--------+-------------------+
[   21.265958] cloud-init[837]: ci-info: | Device |  Up  |           Address           |      Mask     | Scope  |     Hw-Address    |
[   21.276515] cloud-init[837]: ci-info: +--------+------+-----------------------------+---------------+--------+-------------------+
[   21.285012] cloud-init[837]: ci-info: | enp0s3 | True |          10.0.2.15          | 255.255.255.0 | global | 02:89:59:7e:34:d3 |
[   21.295885] cloud-init[837]: ci-info: | enp0s3 | True |  fe80::89:59ff:fe7e:34d3/64 |       .       |  link  | 02:89:59:7e:34:d3 |
[   21.304890] cloud-init[837]: ci-info: | enp0s8 | True |        192.168.33.10        | 255.255.255.0 | global | 08:00:27:ad:7c:d5 |
[   21.324332] cloud-init[837]: ci-info: | enp0s8 | True | fe80::a00:27ff:fead:7cd5/64 |       .       |  link  | 08:00:27:ad:7c:d5 |
[   21.339981] cloud-init[837]: ci-info: |   lo   | True |          127.0.0.1          |   255.0.0.0   |  host  |         .         |
[   21.350605] cloud-init[837]: ci-info: |   lo   | True |           ::1/128           |       .       |  host  |         .         |
[   21.413392] cloud-init[837]: ci-info: +--------+------+-----------------------------+---------------+--------+-------------------+
[   21.458709] cloud-init[837]: ci-info: +++++++++++++++++++++++++++++Route IPv4 info+++++++++++++++++++++++++++++
[   21.485129] cloud-init[837]: ci-info: +-------+--------------+----------+-----------------+-----------+-------+
[   21.495824] cloud-init[837]: ci-info: | Route | Destination  | Gateway  |     Genmask     | Interface | Flags |
[   21.518007] cloud-init[837]: ci-info: +-------+--------------+----------+-----------------+-----------+-------+
[   21.526775] cloud-init[837]: ci-info: |   0   |   0.0.0.0    | 10.0.2.2 |     0.0.0.0     |   enp0s3  |   UG  |
[   21.553060] cloud-init[837]: ci-info: |   1   |   10.0.2.0   | 0.0.0.0  |  255.255.255.0  |   enp0s3  |   U   |
[   21.558085] cloud-init[837]: ci-info: |   2   |   10.0.2.2   | 0.0.0.0  | 255.255.255.255 |   enp0s3  |   UH  |
[   21.565261] cloud-init[837]: ci-info: |   3   | 192.168.33.0 | 0.0.0.0  |  255.255.255.0  |   enp0s8  |   U   |
[   21.575837] cloud-init[837]: ci-info: +-------+--------------+----------+-----------------+-----------+-------+
[   21.592644] cloud-init[837]: ci-info: +++++++++++++++++++Route IPv6 info+++++++++++++++++++
[   21.628684] cloud-init[837]: ci-info: +-------+-------------+---------+-----------+-------+
[   21.688444] cloud-init[837]: ci-info: | Route | Destination | Gateway | Interface | Flags |
[   21.752436] cloud-init[837]: ci-info: +-------+-------------+---------+-----------+-------+
[   21.797398] cloud-init[837]: ci-info: |   1   |  fe80::/64  |    ::   |   enp0s8  |   U   |
[[0;32m  OK  [0m] Started Initial cloud-init job (metadata service crawler).
[[0;32m  OK  [0m] Reached target Network is Online.
[   21.856083] cloud-init[837]: ci-info: |   2   |  fe80::/64  |    ::   |   enp0s3  |   U   |
[   21.882863] cloud-init[837]: [[0;32m  OK  [0m] Reached target Remote File Systems (Pre).
[[0;32m  OK  [0m] Reached target Remote File Systems.
ci-info: |   4   |    local    |    ::   |   enp0s3  |   U   |
         Starting Availability of block devices...
[[0;32m  OK  [0m] Reached target Cloud-config availability.
[[0;32m  OK  [0m] Reached target System Initialization.
[[0;32m  OK  [0m] Listening on UUID daemon activation socket.
[   21.907374] cloud-init[837]:          Starting LXD - unix socket.
[[0;32m  OK  [0m] Listening on ACPID Listen Socket.
         Starting Socket activation for snappy daemon.
[[0;32m  OK  [0m] Started ACPI Events Check.
ci-info: |   5   |    local    |    ::   |   enp0s8  |   U   |
[   21.935032] cloud-init[837]: ci-info: |   6   |   ff00::/8  |    ::   |   enp0s8  |   U   |
[   21.935087] cloud-init[837]: ci-info: |   7   |   ff00::/8  |    ::   |   enp0s3  |   U   |
[   21.935131] cloud-init[837]: ci-info: +-------+-------------+---------+-----------+-------+
[[0;32m  OK  [0m] Listening on D-Bus System Message Bus Socket.
[[0;32m  OK  [0m] Started Discard unused blocks once a week.
[[0;32m  OK  [0m] Reached target Paths.
[[0;32m  OK  [0m] Listening on Open-iSCSI iscsid Socket.
[[0;32m  OK  [0m] Started Message of the Day.
[[0;32m  OK  [0m] Started Daily apt download activities.
[[0;32m  OK  [0m] Started Daily apt upgrade and clean activities.
[[0;32m  OK  [0m] Started Daily Cleanup of Temporary Directories.
[[0;32m  OK  [0m] Reached target Timers.
[[0;32m  OK  [0m] Started Availability of block devices.
[[0;32m  OK  [0m] Listening on LXD - unix socket.
[[0;32m  OK  [0m] Listening on Socket activation for snappy daemon.
[[0;32m  OK  [0m] Reached target Sockets.
[[0;32m  OK  [0m] Reached target Basic System.
         Starting Login Service...
         Starting LSB: Record successful boot for GRUB...
[[0;32m  OK  [0m] Started D-Bus System Message Bus.
         Starting vboxadd.service...
[[0;32m  OK  [0m] Started FUSE filesystem for LXC.
         Starting Accounts Service...
         Starting OpenBSD Secure Shell server...
[[0;32m  OK  [0m] Started irqbalance daemon.
[[0;32m  OK  [0m] Started Regular background program processing daemon.
[[0;32m  OK  [0m] Started Deferred execution scheduler.
         Starting LSB: automatic crash report generation...
         Starting Snappy daemon...
         Starting Permit User Sessions...
         Starting Dispatcher daemon for systemd-networkd...
         Starting System Logging Service...
         Starting LXD - container startup/shutdown...
[[0;32m  OK  [0m] Started Permit User Sessions.
[[0;32m  OK  [0m] Started Login Service.
         Starting Authorization Manager...
[[0;32m  OK  [0m] Started Unattended Upgrades Shutdown.
         Starting Terminate Plymouth Boot Screen...
         Starting Hold until boot process finishes up...
[[0;32m  OK  [0m] Started Terminate Plymouth Boot Screen.
[[0;32m  OK  [0m] Started Hold until boot process finishes up.
         Starting Set console scheme...
[[0;32m  OK  [0m] Started Serial Getty on ttyS0.
[[0;32m  OK  [0m] Started Set console scheme.
[[0;32m  OK  [0m] Created slice system-getty.slice.
[[0;32m  OK  [0m] Started Getty on tty1.
[[0;32m  OK  [0m] Reached target Login Prompts.
[[0;32m  OK  [0m] Started LSB: Record successful boot for GRUB.
[[0;32m  OK  [0m] Started System Logging Service.
[[0;32m  OK  [0m] Started LSB: automatic crash report generation.
[[0;32m  OK  [0m] Started Authorization Manager.
[[0;32m  OK  [0m] Started Accounts Service.
[[0;32m  OK  [0m] Started OpenBSD Secure Shell server.
[[0;32m  OK  [0m] Started vboxadd.service.
         Starting vboxadd-service.service...
[[0;32m  OK  [0m] Started Dispatcher daemon for systemd-networkd.
[[0;32m  OK  [0m] Created slice User Slice of vagrant.
[[0;32m  OK  [0m] Started LXD - container startup/shutdown.
[[0;32m  OK  [0m] Started vboxadd-service.service.
[[0;32m  OK  [0m] Started Session 1 of user vagrant.
         Starting User Manager for UID 1000...
[[0;32m  OK  [0m] Started Snappy daemon.
         Starting Wait until snapd is fully seeded...
[[0;32m  OK  [0m] Started Wait until snapd is fully seeded.
[[0;32m  OK  [0m] Reached target Multi-User System.
[[0;32m  OK  [0m] Reached target Graphical Interface.
         Starting Update UTMP about System Runlevel Changes...
         Starting Apply the settings specified in cloud-config...
[[0;32m  OK  [0m] Started Update UTMP about System Runlevel Changes.
[[0;32m  OK  [0m] Started User Manager for UID 1000.
[   25.519852] cloud-init[1380]: Cloud-init v. 19.1-1-gbaa47854-0ubuntu1~18.04.1 running 'modules:config' at Mon, 17 Jun 2019 09:05:27 +0000. Up 25.39 seconds.
[[0;32m  OK  [0m] Started Apply the settings specified in cloud-config.
         Starting Execute cloud user/final scripts...
[   26.347161] cloud-init[1439]: Cloud-init v. 19.1-1-gbaa47854-0ubuntu1~18.04.1 running 'modules:final' at Mon, 17 Jun 2019 09:05:27 +0000. Up 26.09 seconds.
[   26.388698] cloud-init[1439]: Cloud-init v. 19.1-1-gbaa47854-0ubuntu1~18.04.1 finished at Mon, 17 Jun 2019 09:05:28 +0000. Datasource DataSourceNoCloud [seed=/dev/sdb][dsmode=net].  Up 26.33 seconds
[[0;32m  OK  [0m] Started Execute cloud user/final scripts.
[[0;32m  OK  [0m] Reached target Cloud-init target.

Ubuntu 18.04.2 LTS ubuntu-bionic ttyS0

ubuntu-bionic login: 